<?xml version="1.0" encoding="UTF-8" ?>
<testsuite errors="0" failures="1" hostname="paric27" name="mainlibrary.TransBookDaoTest" skipped="0" tests="16" time="0.471" timestamp="2018-04-06T10:06:12">
  <properties>
[...]
</properties>
  <testcase classname="mainlibrary.TransBookDaoTest" name="testCheckIssuedBook" time="0.256" />
  <testcase classname="mainlibrary.TransBookDaoTest" name="testUserValidate2" time="0.006" />
  <testcase classname="mainlibrary.TransBookDaoTest" name="testCheckBook2" time="0.012">
    <failure message="expected:&lt;false&gt; but was:&lt;true&gt;" type="junit.framework.AssertionFailedError">junit.framework.AssertionFailedError: expected:&lt;false&gt; but was:&lt;true&gt;
	at mainlibrary.TransBookDaoTest.testCheckBook2(TransBookDaoTest.java:159)
</failure>
  </testcase>
  <testcase classname="mainlibrary.TransBookDaoTest" name="testUpdatebook2" time="0.005" />
  <testcase classname="mainlibrary.TransBookDaoTest" name="testCheck" time="0.006" />
  <testcase classname="mainlibrary.TransBookDaoTest" name="testUserValidate" time="0.007" />
  <testcase classname="mainlibrary.TransBookDaoTest" name="testUpdatebook" time="0.005" />
  <testcase classname="mainlibrary.TransBookDaoTest" name="testCheckIssuedBook2" time="0.007" />
  <testcase classname="mainlibrary.TransBookDaoTest" name="testBookValidate2" time="0.004" />
  <testcase classname="mainlibrary.TransBookDaoTest" name="testReturnBook" time="0.004" />
  <testcase classname="mainlibrary.TransBookDaoTest" name="testIssueBook2" time="0.006" />
  <testcase classname="mainlibrary.TransBookDaoTest" name="testIssueBook" time="0.008" />
  <testcase classname="mainlibrary.TransBookDaoTest" name="testCheckBook" time="0.033" />
  <testcase classname="mainlibrary.TransBookDaoTest" name="testCheck2" time="0.004" />
  <testcase classname="mainlibrary.TransBookDaoTest" name="testBookValidate" time="0.003" />
  <testcase classname="mainlibrary.TransBookDaoTest" name="testReturnBook2" time="0.005" />
  <system-out><![CDATA[CheckIssuedBook
UserValidate2
checkBook2
updatebook2
com.mysql.jdbc.exceptions.jdbc4.MySQLSyntaxErrorException: Table 'library.books' doesn't exist
Check
java.sql.SQLException: Parameter index out of range (2 > number of parameters, which is 1).
UserValidate
updatebook
com.mysql.jdbc.exceptions.jdbc4.MySQLSyntaxErrorException: Table 'library.books' doesn't exist
CheckIssuedBook2
BookValidate2
ReturnBook
IssueBook2
com.mysql.jdbc.MysqlDataTruncation: Data truncation: Incorrect date value: '' for column 'IssueDate' at row 1
IssueBook
com.mysql.jdbc.MysqlDataTruncation: Data truncation: Incorrect date value: '' for column 'IssueDate' at row 1
checkBook
Check2
java.sql.SQLException: Parameter index out of range (2 > number of parameters, which is 1).
BookValidate
ReturnBook2
]]></system-out>
  <system-err><![CDATA[Fri Apr 06 15:36:12 IST 2018 WARN: Establishing SSL connection without server's identity verification is not recommended. According to MySQL 5.5.45+, 5.6.26+ and 5.7.6+ requirements SSL connection must be established by default if explicit option isn't set. For compliance with existing applications not using SSL the verifyServerCertificate property is set to 'false'. You need either to explicitly disable SSL by setting useSSL=false, or set useSSL=true and provide truststore for server certificate verification.
Fri Apr 06 15:36:12 IST 2018 WARN: Establishing SSL connection without server's identity verification is not recommended. According to MySQL 5.5.45+, 5.6.26+ and 5.7.6+ requirements SSL connection must be established by default if explicit option isn't set. For compliance with existing applications not using SSL the verifyServerCertificate property is set to 'false'. You need either to explicitly disable SSL by setting useSSL=false, or set useSSL=true and provide truststore for server certificate verification.
Fri Apr 06 15:36:12 IST 2018 WARN: Establishing SSL connection without server's identity verification is not recommended. According to MySQL 5.5.45+, 5.6.26+ and 5.7.6+ requirements SSL connection must be established by default if explicit option isn't set. For compliance with existing applications not using SSL the verifyServerCertificate property is set to 'false'. You need either to explicitly disable SSL by setting useSSL=false, or set useSSL=true and provide truststore for server certificate verification.
Fri Apr 06 15:36:12 IST 2018 WARN: Establishing SSL connection without server's identity verification is not recommended. According to MySQL 5.5.45+, 5.6.26+ and 5.7.6+ requirements SSL connection must be established by default if explicit option isn't set. For compliance with existing applications not using SSL the verifyServerCertificate property is set to 'false'. You need either to explicitly disable SSL by setting useSSL=false, or set useSSL=true and provide truststore for server certificate verification.
Fri Apr 06 15:36:12 IST 2018 WARN: Establishing SSL connection without server's identity verification is not recommended. According to MySQL 5.5.45+, 5.6.26+ and 5.7.6+ requirements SSL connection must be established by default if explicit option isn't set. For compliance with existing applications not using SSL the verifyServerCertificate property is set to 'false'. You need either to explicitly disable SSL by setting useSSL=false, or set useSSL=true and provide truststore for server certificate verification.
Fri Apr 06 15:36:12 IST 2018 WARN: Establishing SSL connection without server's identity verification is not recommended. According to MySQL 5.5.45+, 5.6.26+ and 5.7.6+ requirements SSL connection must be established by default if explicit option isn't set. For compliance with existing applications not using SSL the verifyServerCertificate property is set to 'false'. You need either to explicitly disable SSL by setting useSSL=false, or set useSSL=true and provide truststore for server certificate verification.
Fri Apr 06 15:36:12 IST 2018 WARN: Establishing SSL connection without server's identity verification is not recommended. According to MySQL 5.5.45+, 5.6.26+ and 5.7.6+ requirements SSL connection must be established by default if explicit option isn't set. For compliance with existing applications not using SSL the verifyServerCertificate property is set to 'false'. You need either to explicitly disable SSL by setting useSSL=false, or set useSSL=true and provide truststore for server certificate verification.
Fri Apr 06 15:36:12 IST 2018 WARN: Establishing SSL connection without server's identity verification is not recommended. According to MySQL 5.5.45+, 5.6.26+ and 5.7.6+ requirements SSL connection must be established by default if explicit option isn't set. For compliance with existing applications not using SSL the verifyServerCertificate property is set to 'false'. You need either to explicitly disable SSL by setting useSSL=false, or set useSSL=true and provide truststore for server certificate verification.
Fri Apr 06 15:36:12 IST 2018 WARN: Establishing SSL connection without server's identity verification is not recommended. According to MySQL 5.5.45+, 5.6.26+ and 5.7.6+ requirements SSL connection must be established by default if explicit option isn't set. For compliance with existing applications not using SSL the verifyServerCertificate property is set to 'false'. You need either to explicitly disable SSL by setting useSSL=false, or set useSSL=true and provide truststore for server certificate verification.
Fri Apr 06 15:36:12 IST 2018 WARN: Establishing SSL connection without server's identity verification is not recommended. According to MySQL 5.5.45+, 5.6.26+ and 5.7.6+ requirements SSL connection must be established by default if explicit option isn't set. For compliance with existing applications not using SSL the verifyServerCertificate property is set to 'false'. You need either to explicitly disable SSL by setting useSSL=false, or set useSSL=true and provide truststore for server certificate verification.
Fri Apr 06 15:36:12 IST 2018 WARN: Establishing SSL connection without server's identity verification is not recommended. According to MySQL 5.5.45+, 5.6.26+ and 5.7.6+ requirements SSL connection must be established by default if explicit option isn't set. For compliance with existing applications not using SSL the verifyServerCertificate property is set to 'false'. You need either to explicitly disable SSL by setting useSSL=false, or set useSSL=true and provide truststore for server certificate verification.
Fri Apr 06 15:36:12 IST 2018 WARN: Establishing SSL connection without server's identity verification is not recommended. According to MySQL 5.5.45+, 5.6.26+ and 5.7.6+ requirements SSL connection must be established by default if explicit option isn't set. For compliance with existing applications not using SSL the verifyServerCertificate property is set to 'false'. You need either to explicitly disable SSL by setting useSSL=false, or set useSSL=true and provide truststore for server certificate verification.
Fri Apr 06 15:36:12 IST 2018 WARN: Establishing SSL connection without server's identity verification is not recommended. According to MySQL 5.5.45+, 5.6.26+ and 5.7.6+ requirements SSL connection must be established by default if explicit option isn't set. For compliance with existing applications not using SSL the verifyServerCertificate property is set to 'false'. You need either to explicitly disable SSL by setting useSSL=false, or set useSSL=true and provide truststore for server certificate verification.
Fri Apr 06 15:36:12 IST 2018 WARN: Establishing SSL connection without server's identity verification is not recommended. According to MySQL 5.5.45+, 5.6.26+ and 5.7.6+ requirements SSL connection must be established by default if explicit option isn't set. For compliance with existing applications not using SSL the verifyServerCertificate property is set to 'false'. You need either to explicitly disable SSL by setting useSSL=false, or set useSSL=true and provide truststore for server certificate verification.
Fri Apr 06 15:36:12 IST 2018 WARN: Establishing SSL connection without server's identity verification is not recommended. According to MySQL 5.5.45+, 5.6.26+ and 5.7.6+ requirements SSL connection must be established by default if explicit option isn't set. For compliance with existing applications not using SSL the verifyServerCertificate property is set to 'false'. You need either to explicitly disable SSL by setting useSSL=false, or set useSSL=true and provide truststore for server certificate verification.
Fri Apr 06 15:36:12 IST 2018 WARN: Establishing SSL connection without server's identity verification is not recommended. According to MySQL 5.5.45+, 5.6.26+ and 5.7.6+ requirements SSL connection must be established by default if explicit option isn't set. For compliance with existing applications not using SSL the verifyServerCertificate property is set to 'false'. You need either to explicitly disable SSL by setting useSSL=false, or set useSSL=true and provide truststore for server certificate verification.
]]></system-err>
</testsuite>
